<?xml version="1.0" encoding="UTF-8"?>
<!-- Generated by org.testng.reporters.JUnitXMLReporter -->
<testsuite ignored="0" hostname="NTK0325" failures="0" tests="7" name="Default test" time="26.78" errors="0" timestamp="2023-01-17T11:42:24 ART">
  <testcase classname="Edit.AutomationPractice.asignacionClase6" name="logIn" time="2.485"/>
  <testcase classname="Edit.AutomationPractice.asignacionClase6" name="logIn" time="1.938"/>
  <testcase classname="Edit.AutomationPractice.asignacionClase6" name="logIn" time="2.126"/>
  <testcase classname="Edit.AutomationPractice.asignacionClase6" name="logIn" time="2.018"/>
  <testcase classname="Edit.AutomationPractice.asignacionClase6" name="logIn" time="1.92"/>
  <testcase classname="Edit.AutomationPractice.asignacionClase6" name="logIn" time="2.769"/>
  <testcase classname="Edit.AutomationPractice.asignacionClase6" name="compraCarrito" time="12.585"/>
</testsuite> <!-- Default test -->
