<?xml version="1.0" encoding="UTF-8"?>
<!-- Generated by org.testng.reporters.JUnitXMLReporter -->
<testsuite ignored="0" hostname="NTK0325" failures="2" tests="2" name="PruebaEnEdge" time="0.016" errors="0" timestamp="2023-01-16T17:00:35 ART">
  <testcase classname="Edit.AutomationPractice.asignacionClase6" name="logIn" time="0.0">
    <failure type="org.testng.TestNGException" message="
Cannot inject @Test annotated Method [logIn] with [class java.lang.String].
For more information on native dependency injection please refer to https://testng.org/doc/documentation-main.html#native-dependency-injection">
      <![CDATA[org.testng.TestNGException: 
Cannot inject @Test annotated Method [logIn] with [class java.lang.String].
For more information on native dependency injection please refer to https://testng.org/doc/documentation-main.html#native-dependency-injection
at java.base/java.util.ArrayList.forEach(ArrayList.java:1511)
... Removed 26 stack frames]]>
    </failure>
  </testcase> <!-- logIn -->
  <testcase classname="Edit.AutomationPractice.asignacionClase6" name="compraCarrito" time="0.0">
    <failure type="org.testng.TestNGException" message="
Cannot inject @Test annotated Method [compraCarrito] with [class java.lang.String].
For more information on native dependency injection please refer to https://testng.org/doc/documentation-main.html#native-dependency-injection">
      <![CDATA[org.testng.TestNGException: 
Cannot inject @Test annotated Method [compraCarrito] with [class java.lang.String].
For more information on native dependency injection please refer to https://testng.org/doc/documentation-main.html#native-dependency-injection
at java.base/java.util.ArrayList.forEach(ArrayList.java:1511)
... Removed 26 stack frames]]>
    </failure>
  </testcase> <!-- compraCarrito -->
</testsuite> <!-- PruebaEnEdge -->
