<?xml version="1.0" encoding="UTF-8"?>
<!-- Generated by org.testng.reporters.JUnitXMLReporter -->
<testsuite ignored="0" hostname="NTK0325" failures="0" tests="7" name="Test" time="27.301" errors="0" timestamp="2023-01-17T11:38:40 ART">
  <testcase classname="Edit.AutomationPractice.asignacionClase6" name="logIn" time="2.061"/>
  <testcase classname="Edit.AutomationPractice.asignacionClase6" name="logIn" time="1.833"/>
  <testcase classname="Edit.AutomationPractice.asignacionClase6" name="logIn" time="1.767"/>
  <testcase classname="Edit.AutomationPractice.asignacionClase6" name="logIn" time="1.771"/>
  <testcase classname="Edit.AutomationPractice.asignacionClase6" name="logIn" time="1.745"/>
  <testcase classname="Edit.AutomationPractice.asignacionClase6" name="logIn" time="2.493"/>
  <testcase classname="Edit.AutomationPractice.asignacionClase6" name="compraCarrito" time="14.704"/>
</testsuite> <!-- Test -->
